<?xml version="1.0" encoding="UTF-8"?>
<!-- Generated by org.testng.reporters.JUnitXMLReporter -->
<testsuite ignored="0" hostname="RIKU" failures="0" tests="5" name="LoginAndSearchTest_Chrome" time="40.036" errors="0" timestamp="2025-09-14T18:47:39 IST">
  <testcase classname="tests.SearchTest" name="testSearchProduct" time="10.546"/>
  <testcase classname="tests.SearchTest" name="testApplyFilters" time="7.851"/>
  <testcase classname="tests.SearchTest" name="testSortLowToHigh" time="2.492"/>
  <testcase classname="tests.SearchTest" name="testBlankSearch" time="3.211"/>
  <testcase classname="tests.SearchTest" name="testViewProductDetails" time="11.845"/>
</testsuite> <!-- LoginAndSearchTest_Chrome -->
