<?xml version="1.0" encoding="UTF-8"?>
<!-- Generated by org.testng.reporters.JUnitXMLReporter -->
<testsuite ignored="0" hostname="RIKU" failures="0" tests="3" name="LoginAndSearchTest_Chrome" time="20.433" errors="0" timestamp="2025-09-13T00:08:44 IST">
  <testcase classname="tests.LoginTest" name="invalidLoginTest" time="7.923"/>
  <testcase classname="tests.LoginTest" name="verifyLoginTest" time="3.651"/>
  <testcase classname="tests.LoginTest" name="validLoginTest" time="4.659"/>
</testsuite> <!-- LoginAndSearchTest_Chrome -->
