<?xml version="1.0" encoding="UTF-8"?>
<!-- Generated by org.testng.reporters.JUnitXMLReporter -->
<testsuite ignored="0" hostname="RIKU" failures="1" tests="3" name="LoginAndSearchTest_Chrome" time="18.62" errors="0" timestamp="2025-09-13T16:08:48 IST">
  <testcase classname="tests.LoginTest" name="invalidLoginTest" time="7.701"/>
  <testcase classname="tests.LoginTest" name="verifyLoginTest" time="1.059">
    <failure type="java.lang.AssertionError" message="Unexpected URL  expected [true] but found [false]">
      <![CDATA[java.lang.AssertionError: Unexpected URL  expected [true] but found [false]
at tests.LoginTest.verifyLoginTest(LoginTest.java:61)
at java.base/java.util.ArrayList.forEach(ArrayList.java:1596)
... Removed 28 stack frames]]>
    </failure>
  </testcase> <!-- verifyLoginTest -->
  <testcase classname="tests.LoginTest" name="validLoginTest" time="5.668"/>
</testsuite> <!-- LoginAndSearchTest_Chrome -->
