<?xml version="1.0" encoding="UTF-8"?>
<!-- Generated by org.testng.reporters.JUnitXMLReporter -->
<testsuite ignored="0" hostname="RIKU" failures="2" tests="13" name="LoginAndSearchTest_Firefox" time="1045.602" errors="0" timestamp="2025-09-14T12:08:06 IST">
  <testcase classname="tests.CartTest" name="@AfterClass quitBrowser" time="0.016">
    <failure type="org.openqa.selenium.NoSuchSessionException" message="Tried to run command without establishing a connection
Build info: version: &amp;apos;4.34.0&amp;apos;, revision: &amp;apos;707dcb4246*&amp;apos;
System info: os.name: &amp;apos;Windows 11&amp;apos;, os.arch: &amp;apos;amd64&amp;apos;, os.version: &amp;apos;10.0&amp;apos;, java.version: &amp;apos;21.0.8&amp;apos;
Driver info: org.openqa.selenium.firefox.FirefoxDriver
Command: [b3f256bd-b3d4-43f8-80cc-a290c82f0717, quit {}]
Capabilities {acceptInsecureCerts: true, browserName: firefox, browserVersion: 142.0.1, moz:accessibilityChecks: false, moz:buildID: 20250827004350, moz:geckodriverVersion: 0.36.0, moz:headless: false, moz:platformVersion: 10.0, moz:processID: 11672, moz:profile: C:\Users\trex3\AppData\Loca..., moz:shutdownTimeout: 60000, moz:webdriverClick: true, moz:windowless: false, pageLoadStrategy: normal, platformName: windows, proxy: Proxy(), setWindowRect: true, strictFileInteractability: false, timeouts: {implicit: 0, pageLoad: 300000, script: 30000}, unhandledPromptBehavior: dismiss and notify, userAgent: Mozilla/5.0 (Windows NT 10....}
Session ID: b3f256bd-b3d4-43f8-80cc-a290c82f0717">
      <![CDATA[org.openqa.selenium.NoSuchSessionException: Tried to run command without establishing a connection
Build info: version: '4.34.0', revision: '707dcb4246*'
System info: os.name: 'Windows 11', os.arch: 'amd64', os.version: '10.0', java.version: '21.0.8'
Driver info: org.openqa.selenium.firefox.FirefoxDriver
Command: [b3f256bd-b3d4-43f8-80cc-a290c82f0717, quit {}]
Capabilities {acceptInsecureCerts: true, browserName: firefox, browserVersion: 142.0.1, moz:accessibilityChecks: false, moz:buildID: 20250827004350, moz:geckodriverVersion: 0.36.0, moz:headless: false, moz:platformVersion: 10.0, moz:processID: 11672, moz:profile: C:\Users\trex3\AppData\Loca..., moz:shutdownTimeout: 60000, moz:webdriverClick: true, moz:windowless: false, pageLoadStrategy: normal, platformName: windows, proxy: Proxy(), setWindowRect: true, strictFileInteractability: false, timeouts: {implicit: 0, pageLoad: 300000, script: 30000}, unhandledPromptBehavior: dismiss and notify, userAgent: Mozilla/5.0 (Windows NT 10....}
Session ID: b3f256bd-b3d4-43f8-80cc-a290c82f0717
at org.openqa.selenium.remote.ErrorCodec.decode(ErrorCodec.java:167)
at org.openqa.selenium.remote.codec.w3c.W3CHttpResponseCodec.decode(W3CHttpResponseCodec.java:138)
at org.openqa.selenium.remote.codec.w3c.W3CHttpResponseCodec.decode(W3CHttpResponseCodec.java:50)
at org.openqa.selenium.remote.HttpCommandExecutor.execute(HttpCommandExecutor.java:215)
at org.openqa.selenium.remote.service.DriverCommandExecutor.invokeExecute(DriverCommandExecutor.java:216)
at org.openqa.selenium.remote.service.DriverCommandExecutor.lambda$execute$1(DriverCommandExecutor.java:126)
at java.base/java.util.concurrent.CompletableFuture$AsyncSupply.run(CompletableFuture.java:1768)
at java.base/java.util.concurrent.ThreadPoolExecutor.runWorker(ThreadPoolExecutor.java:1144)
at java.base/java.util.concurrent.ThreadPoolExecutor$Worker.run(ThreadPoolExecutor.java:642)
at java.base/java.lang.Thread.run(Thread.java:1583)
... Removed 3 stack frames]]>
    </failure>
  </testcase> <!-- @AfterClass quitBrowser -->
  <testcase classname="tests.LoginTest" name="invalidLoginTest" time="14.383"/>
  <testcase classname="tests.LoginTest" name="verifyLoginTest" time="1.801"/>
  <testcase classname="tests.LoginTest" name="validLoginTest" time="6.34"/>
  <testcase classname="tests.SearchTest" name="testSearchProduct" time="2.881"/>
  <testcase classname="tests.SearchTest" name="testApplyFilters" time="1.019">
    <failure type="org.openqa.selenium.JavascriptException" message="TypeError: can&amp;apos;t access property &amp;quot;scrollIntoView&amp;quot;, arguments[0] is null
Build info: version: &amp;apos;4.34.0&amp;apos;, revision: &amp;apos;707dcb4246*&amp;apos;
System info: os.name: &amp;apos;Windows 11&amp;apos;, os.arch: &amp;apos;amd64&amp;apos;, os.version: &amp;apos;10.0&amp;apos;, java.version: &amp;apos;21.0.8&amp;apos;
Driver info: org.openqa.selenium.firefox.FirefoxDriver
Command: [b3f256bd-b3d4-43f8-80cc-a290c82f0717, executeScript {script=arguments[0].scrollIntoView(true);, args=[null]}]
Capabilities {acceptInsecureCerts: true, browserName: firefox, browserVersion: 142.0.1, moz:accessibilityChecks: false, moz:buildID: 20250827004350, moz:geckodriverVersion: 0.36.0, moz:headless: false, moz:platformVersion: 10.0, moz:processID: 11672, moz:profile: C:\Users\trex3\AppData\Loca..., moz:shutdownTimeout: 60000, moz:webdriverClick: true, moz:windowless: false, pageLoadStrategy: normal, platformName: windows, proxy: Proxy(), setWindowRect: true, strictFileInteractability: false, timeouts: {implicit: 0, pageLoad: 300000, script: 30000}, unhandledPromptBehavior: dismiss and notify, userAgent: Mozilla/5.0 (Windows NT 10....}
Session ID: b3f256bd-b3d4-43f8-80cc-a290c82f0717">
      <![CDATA[org.openqa.selenium.JavascriptException: TypeError: can't access property "scrollIntoView", arguments[0] is null
Build info: version: '4.34.0', revision: '707dcb4246*'
System info: os.name: 'Windows 11', os.arch: 'amd64', os.version: '10.0', java.version: '21.0.8'
Driver info: org.openqa.selenium.firefox.FirefoxDriver
Command: [b3f256bd-b3d4-43f8-80cc-a290c82f0717, executeScript {script=arguments[0].scrollIntoView(true);, args=[null]}]
Capabilities {acceptInsecureCerts: true, browserName: firefox, browserVersion: 142.0.1, moz:accessibilityChecks: false, moz:buildID: 20250827004350, moz:geckodriverVersion: 0.36.0, moz:headless: false, moz:platformVersion: 10.0, moz:processID: 11672, moz:profile: C:\Users\trex3\AppData\Loca..., moz:shutdownTimeout: 60000, moz:webdriverClick: true, moz:windowless: false, pageLoadStrategy: normal, platformName: windows, proxy: Proxy(), setWindowRect: true, strictFileInteractability: false, timeouts: {implicit: 0, pageLoad: 300000, script: 30000}, unhandledPromptBehavior: dismiss and notify, userAgent: Mozilla/5.0 (Windows NT 10....}
Session ID: b3f256bd-b3d4-43f8-80cc-a290c82f0717
at org.openqa.selenium.remote.ErrorCodec.decode(ErrorCodec.java:167)
at org.openqa.selenium.remote.codec.w3c.W3CHttpResponseCodec.decode(W3CHttpResponseCodec.java:138)
at org.openqa.selenium.remote.codec.w3c.W3CHttpResponseCodec.decode(W3CHttpResponseCodec.java:50)
at org.openqa.selenium.remote.HttpCommandExecutor.execute(HttpCommandExecutor.java:215)
at org.openqa.selenium.remote.service.DriverCommandExecutor.invokeExecute(DriverCommandExecutor.java:216)
at org.openqa.selenium.remote.service.DriverCommandExecutor.execute(DriverCommandExecutor.java:174)
at org.openqa.selenium.remote.RemoteWebDriver.execute(RemoteWebDriver.java:544)
at org.openqa.selenium.remote.RemoteWebDriver.executeScript(RemoteWebDriver.java:475)
at pages.SearchPage.applyPriceRange(SearchPage.java:137)
at tests.SearchTest.testApplyFilters(SearchTest.java:40)
at java.base/java.util.ArrayList.forEach(ArrayList.java:1596)
at java.base/java.util.concurrent.FutureTask.run(FutureTask.java:317)
at java.base/java.util.concurrent.ThreadPoolExecutor.runWorker(ThreadPoolExecutor.java:1144)
at java.base/java.util.concurrent.ThreadPoolExecutor$Worker.run(ThreadPoolExecutor.java:642)
at java.base/java.lang.Thread.run(Thread.java:1583)
... Removed 18 stack frames]]>
    </failure>
  </testcase> <!-- testApplyFilters -->
  <testcase classname="tests.SearchTest" name="testSortLowToHigh" time="1.441"/>
  <testcase classname="tests.SearchTest" name="testBlankSearch" time="2.578"/>
  <testcase classname="tests.SearchTest" name="testViewProductDetails" time="1005.884">
    <failure type="org.openqa.selenium.WebDriverException" message="Failed to write request to stream
Build info: version: &amp;apos;4.34.0&amp;apos;, revision: &amp;apos;707dcb4246*&amp;apos;
System info: os.name: &amp;apos;Windows 11&amp;apos;, os.arch: &amp;apos;amd64&amp;apos;, os.version: &amp;apos;10.0&amp;apos;, java.version: &amp;apos;21.0.8&amp;apos;
Driver info: org.openqa.selenium.firefox.FirefoxDriver
Command: [b3f256bd-b3d4-43f8-80cc-a290c82f0717, findElement {using=xpath, value=//*[@id=&amp;quot;titleSection&amp;quot;]//*[@id=&amp;quot;productTitle&amp;quot;]}]
Capabilities {acceptInsecureCerts: true, browserName: firefox, browserVersion: 142.0.1, moz:accessibilityChecks: false, moz:buildID: 20250827004350, moz:geckodriverVersion: 0.36.0, moz:headless: false, moz:platformVersion: 10.0, moz:processID: 11672, moz:profile: C:\Users\trex3\AppData\Loca..., moz:shutdownTimeout: 60000, moz:webdriverClick: true, moz:windowless: false, pageLoadStrategy: normal, platformName: windows, proxy: Proxy(), setWindowRect: true, strictFileInteractability: false, timeouts: {implicit: 0, pageLoad: 300000, script: 30000}, unhandledPromptBehavior: dismiss and notify, userAgent: Mozilla/5.0 (Windows NT 10....}
Session ID: b3f256bd-b3d4-43f8-80cc-a290c82f0717">
      <![CDATA[org.openqa.selenium.WebDriverException: Failed to write request to stream
Build info: version: '4.34.0', revision: '707dcb4246*'
System info: os.name: 'Windows 11', os.arch: 'amd64', os.version: '10.0', java.version: '21.0.8'
Driver info: org.openqa.selenium.firefox.FirefoxDriver
Command: [b3f256bd-b3d4-43f8-80cc-a290c82f0717, findElement {using=xpath, value=//*[@id="titleSection"]//*[@id="productTitle"]}]
Capabilities {acceptInsecureCerts: true, browserName: firefox, browserVersion: 142.0.1, moz:accessibilityChecks: false, moz:buildID: 20250827004350, moz:geckodriverVersion: 0.36.0, moz:headless: false, moz:platformVersion: 10.0, moz:processID: 11672, moz:profile: C:\Users\trex3\AppData\Loca..., moz:shutdownTimeout: 60000, moz:webdriverClick: true, moz:windowless: false, pageLoadStrategy: normal, platformName: windows, proxy: Proxy(), setWindowRect: true, strictFileInteractability: false, timeouts: {implicit: 0, pageLoad: 300000, script: 30000}, unhandledPromptBehavior: dismiss and notify, userAgent: Mozilla/5.0 (Windows NT 10....}
Session ID: b3f256bd-b3d4-43f8-80cc-a290c82f0717
at org.openqa.selenium.remote.ErrorCodec.decode(ErrorCodec.java:167)
at org.openqa.selenium.remote.codec.w3c.W3CHttpResponseCodec.decode(W3CHttpResponseCodec.java:138)
at org.openqa.selenium.remote.codec.w3c.W3CHttpResponseCodec.decode(W3CHttpResponseCodec.java:50)
at org.openqa.selenium.remote.HttpCommandExecutor.execute(HttpCommandExecutor.java:215)
at org.openqa.selenium.remote.service.DriverCommandExecutor.invokeExecute(DriverCommandExecutor.java:216)
at org.openqa.selenium.remote.service.DriverCommandExecutor.execute(DriverCommandExecutor.java:174)
at org.openqa.selenium.remote.RemoteWebDriver.execute(RemoteWebDriver.java:544)
at org.openqa.selenium.remote.ElementLocation$ElementFinder$2.findElement(ElementLocation.java:165)
at org.openqa.selenium.remote.ElementLocation.findElement(ElementLocation.java:59)
at org.openqa.selenium.remote.RemoteWebDriver.findElement(RemoteWebDriver.java:367)
at org.openqa.selenium.remote.RemoteWebDriver.findElement(RemoteWebDriver.java:361)
at org.openqa.selenium.support.pagefactory.DefaultElementLocator.findElement(DefaultElementLocator.java:68)
at org.openqa.selenium.support.pagefactory.internal.LocatingElementHandler.invoke(LocatingElementHandler.java:38)
at jdk.proxy2/jdk.proxy2.$Proxy13.isDisplayed(Unknown Source)
at org.openqa.selenium.support.ui.ExpectedConditions.elementIfVisible(ExpectedConditions.java:304)
at org.openqa.selenium.support.ui.ExpectedConditions$10.apply(ExpectedConditions.java:290)
at org.openqa.selenium.support.ui.ExpectedConditions$10.apply(ExpectedConditions.java:287)
at org.openqa.selenium.support.ui.FluentWait.until(FluentWait.java:203)
at pages.SearchPage.getSelectedProductTitle(SearchPage.java:117)
at tests.SearchTest.testViewProductDetails(SearchTest.java:70)
at java.base/java.util.ArrayList.forEach(ArrayList.java:1596)
at java.base/java.util.concurrent.FutureTask.run(FutureTask.java:317)
at java.base/java.util.concurrent.ThreadPoolExecutor.runWorker(ThreadPoolExecutor.java:1144)
at java.base/java.util.concurrent.ThreadPoolExecutor$Worker.run(ThreadPoolExecutor.java:642)
at java.base/java.lang.Thread.run(Thread.java:1583)
... Removed 18 stack frames]]>
    </failure>
  </testcase> <!-- testViewProductDetails -->
  <testcase classname="tests.CartTest" name="cartAddTest" time="0.0">
    <skipped/>
  </testcase> <!-- cartAddTest -->
  <testcase classname="tests.CartTest" name="modifyQuantity" time="0.0">
    <skipped/>
  </testcase> <!-- modifyQuantity -->
  <testcase classname="tests.CartTest" name="deleteFromCart" time="0.0">
    <skipped/>
  </testcase> <!-- deleteFromCart -->
  <testcase classname="tests.CartTest" name="buyProducts" time="0.0">
    <skipped/>
  </testcase> <!-- buyProducts -->
  <testcase classname="tests.CartTest" name="placeOrder" time="0.0">
    <skipped/>
  </testcase> <!-- placeOrder -->
</testsuite> <!-- LoginAndSearchTest_Firefox -->
