<?xml version="1.0" encoding="UTF-8"?>
<!-- Generated by org.testng.reporters.JUnitXMLReporter -->
<testsuite ignored="0" hostname="RIKU" failures="0" tests="13" name="LoginAndSearchTest_Firefox" time="62.91" errors="0" timestamp="2025-09-14T14:22:01 IST">
  <testcase classname="tests.LoginTest" name="invalidLoginTest" time="14.311"/>
  <testcase classname="tests.LoginTest" name="verifyLoginTest" time="1.981"/>
  <testcase classname="tests.LoginTest" name="validLoginTest" time="6.714"/>
  <testcase classname="tests.SearchTest" name="testSearchProduct" time="2.742"/>
  <testcase classname="tests.SearchTest" name="testApplyFilters" time="6.083"/>
  <testcase classname="tests.SearchTest" name="testSortLowToHigh" time="1.912"/>
  <testcase classname="tests.SearchTest" name="testBlankSearch" time="3.303"/>
  <testcase classname="tests.SearchTest" name="testViewProductDetails" time="5.984"/>
  <testcase classname="tests.CartTest" name="cartAddTest" time="2.398"/>
  <testcase classname="tests.CartTest" name="modifyQuantity" time="0.562"/>
  <testcase classname="tests.CartTest" name="deleteFromCart" time="0.32"/>
  <testcase classname="tests.CartTest" name="buyProducts" time="5.921"/>
  <testcase classname="tests.CartTest" name="placeOrder" time="0.147"/>
</testsuite> <!-- LoginAndSearchTest_Firefox -->
