<?xml version="1.0" encoding="UTF-8"?>
<!-- Generated by org.testng.reporters.JUnitXMLReporter -->
<testsuite ignored="0" hostname="RIKU" failures="0" tests="13" name="LoginAndSearchTest_Chrome" time="66.235" errors="0" timestamp="2025-09-14T20:07:07 IST">
  <testcase classname="tests.LoginTest" name="invalidLoginTest" time="11.248"/>
  <testcase classname="tests.LoginTest" name="verifyLoginTest" time="1.739"/>
  <testcase classname="tests.LoginTest" name="validLoginTest" time="7.675"/>
  <testcase classname="tests.SearchTest" name="testSearchProduct" time="4.463"/>
  <testcase classname="tests.SearchTest" name="testApplyFilters" time="5.558"/>
  <testcase classname="tests.SearchTest" name="testSortLowToHigh" time="2.274"/>
  <testcase classname="tests.SearchTest" name="testBlankSearch" time="3.092"/>
  <testcase classname="tests.SearchTest" name="testViewProductDetails" time="9.622"/>
  <testcase classname="tests.CartTest" name="cartAddTest" time="5.576"/>
  <testcase classname="tests.CartTest" name="modifyQuantity" time="0.653"/>
  <testcase classname="tests.CartTest" name="deleteFromCart" time="0.413"/>
  <testcase classname="tests.CartTest" name="buyProducts" time="8.512"/>
  <testcase classname="tests.CartTest" name="placeOrder" time="0.084"/>
</testsuite> <!-- LoginAndSearchTest_Chrome -->
