<?xml version="1.0" encoding="UTF-8"?>
<!-- Generated by org.testng.reporters.JUnitXMLReporter -->
<testsuite ignored="0" hostname="RIKU" failures="0" tests="13" name="LoginAndSearchTest_Edge" time="1.087" errors="0" timestamp="2025-09-14T11:06:29 IST">
  <testcase classname="tests.LoginTest" name="invalidLoginTest" time="0.0">
    <skipped/>
  </testcase> <!-- invalidLoginTest -->
  <testcase classname="tests.LoginTest" name="verifyLoginTest" time="0.0">
    <skipped/>
  </testcase> <!-- verifyLoginTest -->
  <testcase classname="tests.LoginTest" name="validLoginTest" time="0.0">
    <skipped/>
  </testcase> <!-- validLoginTest -->
  <testcase classname="tests.SearchTest" name="testSearchProduct" time="0.0">
    <skipped/>
  </testcase> <!-- testSearchProduct -->
  <testcase classname="tests.SearchTest" name="testApplyFilters" time="0.0">
    <skipped/>
  </testcase> <!-- testApplyFilters -->
  <testcase classname="tests.SearchTest" name="testSortLowToHigh" time="0.0">
    <skipped/>
  </testcase> <!-- testSortLowToHigh -->
  <testcase classname="tests.SearchTest" name="testBlankSearch" time="0.0">
    <skipped/>
  </testcase> <!-- testBlankSearch -->
  <testcase classname="tests.SearchTest" name="testViewProductDetails" time="0.0">
    <skipped/>
  </testcase> <!-- testViewProductDetails -->
  <testcase classname="tests.CartTest" name="cartAddTest" time="0.001">
    <skipped/>
  </testcase> <!-- cartAddTest -->
  <testcase classname="tests.CartTest" name="modifyQuantity" time="0.0">
    <skipped/>
  </testcase> <!-- modifyQuantity -->
  <testcase classname="tests.CartTest" name="deleteFromCart" time="0.0">
    <skipped/>
  </testcase> <!-- deleteFromCart -->
  <testcase classname="tests.CartTest" name="buyProducts" time="0.002">
    <skipped/>
  </testcase> <!-- buyProducts -->
  <testcase classname="tests.CartTest" name="placeOrder" time="0.0">
    <skipped/>
  </testcase> <!-- placeOrder -->
</testsuite> <!-- LoginAndSearchTest_Edge -->
