<?xml version="1.0" encoding="UTF-8"?>
<!-- Generated by org.testng.reporters.JUnitXMLReporter -->
<testsuite ignored="0" hostname="RIKU" failures="3" tests="13" name="LoginAndSearchTest_Chrome" time="0.408" errors="0" timestamp="2025-09-12T17:37:42 IST">
  <testcase classname="tests.LoginTest" name="invalidLoginTest" time="0.26">
    <failure type="java.lang.NullPointerException" message="Cannot invoke &amp;quot;pages.LoginPage.clickSubmitButton()&amp;quot; because &amp;quot;tests.LoginTest.lp&amp;quot; is null">
      <![CDATA[java.lang.NullPointerException: Cannot invoke "pages.LoginPage.clickSubmitButton()" because "tests.LoginTest.lp" is null
at tests.LoginTest.invalidLoginTest(LoginTest.java:32)
at java.base/java.util.ArrayList.forEach(ArrayList.java:1596)
at java.base/java.util.concurrent.FutureTask.run(FutureTask.java:317)
at java.base/java.util.concurrent.ThreadPoolExecutor.runWorker(ThreadPoolExecutor.java:1144)
at java.base/java.util.concurrent.ThreadPoolExecutor$Worker.run(ThreadPoolExecutor.java:642)
at java.base/java.lang.Thread.run(Thread.java:1583)
... Removed 15 stack frames]]>
    </failure>
  </testcase> <!-- invalidLoginTest -->
  <testcase classname="tests.LoginTest" name="verifyLoginTest" time="0.004">
    <failure type="java.lang.NullPointerException" message="Cannot invoke &amp;quot;java.util.Properties.getProperty(String)&amp;quot; because &amp;quot;base.ConfigLoader.properties&amp;quot; is null">
      <![CDATA[java.lang.NullPointerException: Cannot invoke "java.util.Properties.getProperty(String)" because "base.ConfigLoader.properties" is null
at base.ConfigLoader.getProperty(ConfigLoader.java:22)
at tests.LoginTest.verifyLoginTest(LoginTest.java:42)
at java.base/java.util.ArrayList.forEach(ArrayList.java:1596)
at java.base/java.util.concurrent.FutureTask.run(FutureTask.java:317)
at java.base/java.util.concurrent.ThreadPoolExecutor.runWorker(ThreadPoolExecutor.java:1144)
at java.base/java.util.concurrent.ThreadPoolExecutor$Worker.run(ThreadPoolExecutor.java:642)
at java.base/java.lang.Thread.run(Thread.java:1583)
... Removed 15 stack frames]]>
    </failure>
  </testcase> <!-- verifyLoginTest -->
  <testcase classname="tests.LoginTest" name="validLoginTest" time="0.004">
    <failure type="java.lang.NullPointerException" message="Cannot invoke &amp;quot;pages.LoginPage.clickLoginButton()&amp;quot; because &amp;quot;tests.LoginTest.lp&amp;quot; is null">
      <![CDATA[java.lang.NullPointerException: Cannot invoke "pages.LoginPage.clickLoginButton()" because "tests.LoginTest.lp" is null
at tests.LoginTest.validLoginTest(LoginTest.java:23)
at java.base/java.util.ArrayList.forEach(ArrayList.java:1596)
at java.base/java.util.concurrent.FutureTask.run(FutureTask.java:317)
at java.base/java.util.concurrent.ThreadPoolExecutor.runWorker(ThreadPoolExecutor.java:1144)
at java.base/java.util.concurrent.ThreadPoolExecutor$Worker.run(ThreadPoolExecutor.java:642)
at java.base/java.lang.Thread.run(Thread.java:1583)
... Removed 15 stack frames]]>
    </failure>
  </testcase> <!-- validLoginTest -->
  <testcase classname="tests.SearchTest" name="testSearchProduct" time="0.0">
    <skipped/>
  </testcase> <!-- testSearchProduct -->
  <testcase classname="tests.SearchTest" name="testApplyFilters" time="0.0">
    <skipped/>
  </testcase> <!-- testApplyFilters -->
  <testcase classname="tests.SearchTest" name="testSortLowToHigh" time="0.0">
    <skipped/>
  </testcase> <!-- testSortLowToHigh -->
  <testcase classname="tests.SearchTest" name="testBlankSearch" time="0.0">
    <skipped/>
  </testcase> <!-- testBlankSearch -->
  <testcase classname="tests.SearchTest" name="testViewProductDetails" time="0.0">
    <skipped/>
  </testcase> <!-- testViewProductDetails -->
  <testcase classname="tests.CartTest" name="cartAddTest" time="0.0">
    <skipped/>
  </testcase> <!-- cartAddTest -->
  <testcase classname="tests.CartTest" name="modifyQuantity" time="0.0">
    <skipped/>
  </testcase> <!-- modifyQuantity -->
  <testcase classname="tests.CartTest" name="deleteFromCart" time="0.0">
    <skipped/>
  </testcase> <!-- deleteFromCart -->
  <testcase classname="tests.CartTest" name="buyProducts" time="0.0">
    <skipped/>
  </testcase> <!-- buyProducts -->
  <testcase classname="tests.CartTest" name="placeOrder" time="0.0">
    <skipped/>
  </testcase> <!-- placeOrder -->
</testsuite> <!-- LoginAndSearchTest_Chrome -->
