<?xml version="1.0" encoding="UTF-8"?>
<!-- Generated by org.testng.reporters.JUnitXMLReporter -->
<testsuite ignored="0" hostname="RIKU" failures="0" tests="13" name="LoginAndSearchTest_Chrome" time="70.126" errors="0" timestamp="2025-09-14T20:11:19 IST">
  <testcase classname="tests.LoginTest" name="invalidLoginTest" time="14.402"/>
  <testcase classname="tests.LoginTest" name="verifyLoginTest" time="1.907"/>
  <testcase classname="tests.LoginTest" name="validLoginTest" time="6.663"/>
  <testcase classname="tests.SearchTest" name="testSearchProduct" time="2.696"/>
  <testcase classname="tests.SearchTest" name="testApplyFilters" time="6.105"/>
  <testcase classname="tests.SearchTest" name="testSortLowToHigh" time="1.856"/>
  <testcase classname="tests.SearchTest" name="testBlankSearch" time="2.48"/>
  <testcase classname="tests.SearchTest" name="testViewProductDetails" time="6.103"/>
  <testcase classname="tests.CartTest" name="cartAddTest" time="8.196"/>
  <testcase classname="tests.CartTest" name="modifyQuantity" time="0.444"/>
  <testcase classname="tests.CartTest" name="deleteFromCart" time="0.298"/>
  <testcase classname="tests.CartTest" name="buyProducts" time="8.223"/>
  <testcase classname="tests.CartTest" name="placeOrder" time="0.26"/>
</testsuite> <!-- LoginAndSearchTest_Chrome -->
